This is pdfTeX, Version 3.14159265-2.6-1.40.19 (TeX Live 2018) (preloaded format=pdflatex 2018.6.4)  10 JUN 2018 15:44
entering extended mode
 \write18 enabled.
 %&-line parsing enabled.
**TA_LP2.tex
(./TA_LP2.tex
LaTeX2e <2018-04-01> patch level 5
(./stsci_report.cls
Document Class: stsci_report 2014/08/04 STScI Report LaTeX class by Nicholas Ea
rl
(/usr/local/texlive/2018/texmf-dist/tex/latex/base/article.cls
Document Class: article 2014/09/29 v1.4h Standard LaTeX document class
(/usr/local/texlive/2018/texmf-dist/tex/latex/base/size12.clo
File: size12.clo 2014/09/29 v1.4h Standard LaTeX file (size option)
)
\c@part=\count80
\c@section=\count81
\c@subsection=\count82
\c@subsubsection=\count83
\c@paragraph=\count84
\c@subparagraph=\count85
\c@figure=\count86
\c@table=\count87
\abovecaptionskip=\skip41
\belowcaptionskip=\skip42
\bibindent=\dimen102
)
(/usr/local/texlive/2018/texmf-dist/tex/latex/geometry/geometry.sty
Package: geometry 2018/04/16 v5.8 Page Geometry

(/usr/local/texlive/2018/texmf-dist/tex/latex/graphics/keyval.sty
Package: keyval 2014/10/28 v1.15 key=value parser (DPC)
\KV@toks@=\toks14
)
(/usr/local/texlive/2018/texmf-dist/tex/generic/oberdiek/ifpdf.sty
Package: ifpdf 2017/03/15 v3.2 Provides the ifpdf switch
)
(/usr/local/texlive/2018/texmf-dist/tex/generic/oberdiek/ifvtex.sty
Package: ifvtex 2016/05/16 v1.6 Detect VTeX and its facilities (HO)
Package ifvtex Info: VTeX not detected.
)
(/usr/local/texlive/2018/texmf-dist/tex/generic/ifxetex/ifxetex.sty
Package: ifxetex 2010/09/12 v0.6 Provides ifxetex conditional
)
\Gm@cnth=\count88
\Gm@cntv=\count89
\c@Gm@tempcnt=\count90
\Gm@bindingoffset=\dimen103
\Gm@wd@mp=\dimen104
\Gm@odd@mp=\dimen105
\Gm@even@mp=\dimen106
\Gm@layoutwidth=\dimen107
\Gm@layoutheight=\dimen108
\Gm@layouthoffset=\dimen109
\Gm@layoutvoffset=\dimen110
\Gm@dimlist=\toks15

(/Users/penton/Library/texmf/tex/tex/Inputs/•LaTeX/contrib/geometry/geometry.
cfg)) (/usr/local/texlive/2018/texmf-dist/tex/latex/base/inputenc.sty
Package: inputenc 2018/04/06 v1.3b Input encoding file
\inpenc@prehook=\toks16
\inpenc@posthook=\toks17
)
(/usr/local/texlive/2018/texmf-dist/tex/latex/titling/titling.sty
Package: titling 2009/09/04 v2.1d maketitle typesetting
\thanksmarkwidth=\skip43
\thanksmargin=\skip44
\droptitle=\skip45
)
(/usr/local/texlive/2018/texmf-dist/tex/latex/fancyhdr/fancyhdr.sty
Package: fancyhdr 2017/06/30 v3.9a Extensive control of page headers and footer
s
\f@nch@headwidth=\skip46
\f@nch@O@elh=\skip47
\f@nch@O@erh=\skip48
\f@nch@O@olh=\skip49
\f@nch@O@orh=\skip50
\f@nch@O@elf=\skip51
\f@nch@O@erf=\skip52
\f@nch@O@olf=\skip53
\f@nch@O@orf=\skip54
)
(/usr/local/texlive/2018/texmf-dist/tex/latex/ms/ragged2e.sty
Package: ragged2e 2009/05/21 v2.1 ragged2e Package (MS)

(/usr/local/texlive/2018/texmf-dist/tex/latex/ms/everysel.sty
Package: everysel 2011/10/28 v1.2 EverySelectfont Package (MS)
)
\CenteringLeftskip=\skip55
\RaggedLeftLeftskip=\skip56
\RaggedRightLeftskip=\skip57
\CenteringRightskip=\skip58
\RaggedLeftRightskip=\skip59
\RaggedRightRightskip=\skip60
\CenteringParfillskip=\skip61
\RaggedLeftParfillskip=\skip62
\RaggedRightParfillskip=\skip63
\JustifyingParfillskip=\skip64
\CenteringParindent=\skip65
\RaggedLeftParindent=\skip66
\RaggedRightParindent=\skip67
\JustifyingParindent=\skip68
)
(/usr/local/texlive/2018/texmf-dist/tex/latex/biblatex/biblatex.sty
Package: biblatex 2018/03/04 v3.11 programmable bibliographies (PK/MW)

(/usr/local/texlive/2018/texmf-dist/tex/generic/oberdiek/pdftexcmds.sty
Package: pdftexcmds 2018/01/30 v0.27 Utility functions of pdfTeX for LuaTeX (HO
)

(/usr/local/texlive/2018/texmf-dist/tex/generic/oberdiek/infwarerr.sty
Package: infwarerr 2016/05/16 v1.4 Providing info/warning/error messages (HO)
)
(/usr/local/texlive/2018/texmf-dist/tex/generic/oberdiek/ifluatex.sty
Package: ifluatex 2016/05/16 v1.4 Provides the ifluatex switch (HO)
Package ifluatex Info: LuaTeX not detected.
)
(/usr/local/texlive/2018/texmf-dist/tex/generic/oberdiek/ltxcmds.sty
Package: ltxcmds 2016/05/16 v1.23 LaTeX kernel commands for general use (HO)
)
Package pdftexcmds Info: LuaTeX not detected.
Package pdftexcmds Info: \pdf@primitive is available.
Package pdftexcmds Info: \pdf@ifprimitive is available.
Package pdftexcmds Info: \pdfdraftmode found.
)
(/usr/local/texlive/2018/texmf-dist/tex/latex/etoolbox/etoolbox.sty
Package: etoolbox 2018/02/11 v2.5e e-TeX tools for LaTeX (JAW)
\etb@tempcnta=\count91
)
(/usr/local/texlive/2018/texmf-dist/tex/latex/oberdiek/kvoptions.sty
Package: kvoptions 2016/05/16 v3.12 Key value format for package options (HO)

(/usr/local/texlive/2018/texmf-dist/tex/generic/oberdiek/kvsetkeys.sty
Package: kvsetkeys 2016/05/16 v1.17 Key value parser (HO)

(/usr/local/texlive/2018/texmf-dist/tex/generic/oberdiek/etexcmds.sty
Package: etexcmds 2016/05/16 v1.6 Avoid name clashes with e-TeX commands (HO)
Package etexcmds Info: Could not find \expanded.
(etexcmds)             That can mean that you are not using pdfTeX 1.50 or
(etexcmds)             that some package has redefined \expanded.
(etexcmds)             In the latter case, load this package earlier.
)))
(/usr/local/texlive/2018/texmf-dist/tex/latex/logreq/logreq.sty
Package: logreq 2010/08/04 v1.0 xml request logger
\lrq@indent=\count92

(/usr/local/texlive/2018/texmf-dist/tex/latex/logreq/logreq.def
File: logreq.def 2010/08/04 v1.0 logreq spec v1.0
))
(/usr/local/texlive/2018/texmf-dist/tex/latex/base/ifthen.sty
Package: ifthen 2014/09/29 v1.1c Standard LaTeX ifthen package (DPC)
)
(/usr/local/texlive/2018/texmf-dist/tex/latex/url/url.sty
\Urlmuskip=\muskip10
Package: url 2013/09/16  ver 3.4  Verb mode for urls, etc.
)
(/usr/local/texlive/2018/texmf-dist/tex/generic/xstring/xstring.sty
(/usr/local/texlive/2018/texmf-dist/tex/generic/xstring/xstring.tex
\@xs@message=\write3
\integerpart=\count93
\decimalpart=\count94
)
Package: xstring 2013/10/13  v1.7c  String manipulations (C Tellechea)
)
\c@tabx@nest=\count95
\c@listtotal=\count96
\c@listcount=\count97
\c@liststart=\count98
\c@liststop=\count99
\c@citecount=\count100
\c@citetotal=\count101
\c@multicitecount=\count102
\c@multicitetotal=\count103
\c@instcount=\count104
\c@maxnames=\count105
\c@minnames=\count106
\c@maxitems=\count107
\c@minitems=\count108
\c@citecounter=\count109
\c@savedcitecounter=\count110
\c@uniquelist=\count111
\c@uniquename=\count112
\c@refsection=\count113
\c@refsegment=\count114
\c@maxextratitle=\count115
\c@maxextratitleyear=\count116
\c@maxextradate=\count117
\c@maxextraalpha=\count118
\c@abbrvpenalty=\count119
\c@highnamepenalty=\count120
\c@lownamepenalty=\count121
\c@maxparens=\count122
\c@parenlevel=\count123
\blx@tempcnta=\count124
\blx@tempcntb=\count125
\blx@tempcntc=\count126
\blx@maxsection=\count127
\blx@maxsegment@0=\count128
\blx@notetype=\count129
\blx@parenlevel@text=\count130
\blx@parenlevel@foot=\count131
\blx@sectionciteorder@0=\count132
\labelnumberwidth=\skip69
\labelalphawidth=\skip70
\biblabelsep=\skip71
\bibitemsep=\skip72
\bibnamesep=\skip73
\bibinitsep=\skip74
\bibparsep=\skip75
\bibhang=\skip76
\blx@bcfin=\read1
\blx@bcfout=\write4
\c@mincomprange=\count133
\c@maxcomprange=\count134
\c@mincompwidth=\count135
Package biblatex Info: Trying to load biblatex default data model...
Package biblatex Info: ... file 'blx-dm.def' found.

(/usr/local/texlive/2018/texmf-dist/tex/latex/biblatex/blx-dm.def
File: blx-dm.def 2018/03/04 v3.11 biblatex localization (PK/MW)
)
Package biblatex Info: Trying to load biblatex style data model...
Package biblatex Info: ... file 'authoryear.dbx' not found.
Package biblatex Info: Trying to load biblatex custom data model...
Package biblatex Info: ... file 'biblatex-dm.cfg' not found.
\c@afterword=\count136
\c@savedafterword=\count137
\c@annotator=\count138
\c@savedannotator=\count139
\c@author=\count140
\c@savedauthor=\count141
\c@bookauthor=\count142
\c@savedbookauthor=\count143
\c@commentator=\count144
\c@savedcommentator=\count145
\c@editor=\count146
\c@savededitor=\count147
\c@editora=\count148
\c@savededitora=\count149
\c@editorb=\count150
\c@savededitorb=\count151
\c@editorc=\count152
\c@savededitorc=\count153
\c@foreword=\count154
\c@savedforeword=\count155
\c@holder=\count156
\c@savedholder=\count157
\c@introduction=\count158
\c@savedintroduction=\count159
\c@namea=\count160
\c@savednamea=\count161
\c@nameb=\count162
\c@savednameb=\count163
\c@namec=\count164
\c@savednamec=\count165
\c@translator=\count166
\c@savedtranslator=\count167
\c@shortauthor=\count168
\c@savedshortauthor=\count169
\c@shorteditor=\count170
\c@savedshorteditor=\count171
\c@labelname=\count172
\c@savedlabelname=\count173
\c@institution=\count174
\c@savedinstitution=\count175
\c@lista=\count176
\c@savedlista=\count177
\c@listb=\count178
\c@savedlistb=\count179
\c@listc=\count180
\c@savedlistc=\count181
\c@listd=\count182
\c@savedlistd=\count183
\c@liste=\count184
\c@savedliste=\count185
\c@listf=\count186
\c@savedlistf=\count187
\c@location=\count188
\c@savedlocation=\count189
\c@organization=\count190
\c@savedorganization=\count191
\c@origlocation=\count192
\c@savedoriglocation=\count193
\c@origpublisher=\count194
\c@savedorigpublisher=\count195
\c@publisher=\count196
\c@savedpublisher=\count197
\c@language=\count198
\c@savedlanguage=\count199
\c@origlanguage=\count266
\c@savedoriglanguage=\count267
\c@pageref=\count268
\c@savedpageref=\count269
\shorthandwidth=\skip77
\shortjournalwidth=\skip78
\shortserieswidth=\skip79
\shorttitlewidth=\skip80
\shortauthorwidth=\skip81
\shorteditorwidth=\skip82
\locallabelnumberwidth=\skip83
\locallabelalphawidth=\skip84
\localshorthandwidth=\skip85
\localshortjournalwidth=\skip86
\localshortserieswidth=\skip87
\localshorttitlewidth=\skip88
\localshortauthorwidth=\skip89
\localshorteditorwidth=\skip90
Package biblatex Info: Trying to load compatibility code...
Package biblatex Info: ... file 'blx-compat.def' found.

(/usr/local/texlive/2018/texmf-dist/tex/latex/biblatex/blx-compat.def
File: blx-compat.def 2018/03/04 v3.11 biblatex compatibility (PK/MW)
)
Package biblatex Info: Trying to load generic definitions...
Package biblatex Info: ... file 'biblatex.def' found.

(/usr/local/texlive/2018/texmf-dist/tex/latex/biblatex/biblatex.def
File: biblatex.def 2018/03/04 v3.11 biblatex compatibility (PK/MW)
\c@textcitecount=\count270
\c@textcitetotal=\count271
\c@textcitemaxnames=\count272
\c@biburlnumpenalty=\count273
\c@biburlucpenalty=\count274
\c@biburllcpenalty=\count275
\c@smartand=\count276
)
Package biblatex Info: Trying to load bibliography style 'authoryear'...
Package biblatex Info: ... file 'authoryear.bbx' found.

(/usr/local/texlive/2018/texmf-dist/tex/latex/biblatex/bbx/authoryear.bbx
File: authoryear.bbx 2018/03/04 v3.11 biblatex bibliography style (PK/MW)
Package biblatex Info: Trying to load bibliography style 'standard'...
Package biblatex Info: ... file 'standard.bbx' found.

(/usr/local/texlive/2018/texmf-dist/tex/latex/biblatex/bbx/standard.bbx
File: standard.bbx 2018/03/04 v3.11 biblatex bibliography style (PK/MW)
\c@bbx:relatedcount=\count277
\c@bbx:relatedtotal=\count278
))
Package biblatex Info: Trying to load citation style 'authoryear'...
Package biblatex Info: ... file 'authoryear.cbx' found.

(/usr/local/texlive/2018/texmf-dist/tex/latex/biblatex/cbx/authoryear.cbx
File: authoryear.cbx 2018/03/04 v3.11 biblatex citation style (PK/MW)
Package biblatex Info: Redefining '\cite'.
Package biblatex Info: Redefining '\parencite'.
Package biblatex Info: Redefining '\footcite'.
Package biblatex Info: Redefining '\footcitetext'.
Package biblatex Info: Redefining '\smartcite'.
Package biblatex Info: Redefining '\textcite'.
Package biblatex Info: Redefining '\textcites'.
)
Package biblatex Info: Trying to load configuration file...
Package biblatex Info: ... file 'biblatex.cfg' found.

(/usr/local/texlive/2018/texmf-dist/tex/latex/biblatex/biblatex.cfg
File: biblatex.cfg 
)))
(./graphicx.sty
Package: graphicx 1999/02/16 v1.0f Enhanced LaTeX Graphics (DPC,SPQR)

(/usr/local/texlive/2018/texmf-dist/tex/latex/graphics/graphics.sty
Package: graphics 2017/06/25 v1.2c Standard LaTeX Graphics (DPC,SPQR)

(/usr/local/texlive/2018/texmf-dist/tex/latex/graphics/trig.sty
Package: trig 2016/01/03 v1.10 sin cos tan (DPC)
)
(/usr/local/texlive/2018/texmf-dist/tex/latex/graphics-cfg/graphics.cfg
File: graphics.cfg 2016/06/04 v1.11 sample graphics configuration
)
Package graphics Info: Driver file: pdftex.def on input line 99.

(/usr/local/texlive/2018/texmf-dist/tex/latex/graphics-def/pdftex.def
File: pdftex.def 2018/01/08 v1.0l Graphics/color driver for pdftex
))
\Gin@req@height=\dimen111
\Gin@req@width=\dimen112
)
(/usr/local/texlive/2018/texmf-dist/tex/latex/threeparttable/threeparttable.sty
Package: threeparttable 2003/06/13  v 3.0
\@tempboxb=\box26
) (/usr/local/texlive/2018/texmf-dist/tex/generic/ulem/ulem.sty
\UL@box=\box27
\UL@hyphenbox=\box28
\UL@skip=\skip91
\UL@hook=\toks18
\UL@height=\dimen113
\UL@pe=\count279
\UL@pixel=\dimen114
\ULC@box=\box29
Package: ulem 2012/05/18
\ULdepth=\dimen115
)
(/usr/local/texlive/2018/texmf-dist/tex/latex/caption/caption.sty
Package: caption 2017/03/19 v3.3-145 Customizing captions (AR)

(/usr/local/texlive/2018/texmf-dist/tex/latex/caption/caption3.sty
Package: caption3 2018/04/15 v1.7-167 caption3 kernel (AR)
Package caption3 Info: TeX engine: e-TeX on input line 64.
\captionmargin=\dimen116
\captionmargin@=\dimen117
\captionwidth=\dimen118
\caption@tempdima=\dimen119
\caption@indent=\dimen120
\caption@parindent=\dimen121
\caption@hangindent=\dimen122
)
\c@ContinuedFloat=\count280
Package caption Info: threeparttable package is loaded.
)
(/usr/local/texlive/2018/texmf-dist/tex/latex/base/latexsym.sty
Package: latexsym 1998/08/17 v2.2e Standard LaTeX package (lasy symbols)
\symlasy=\mathgroup4
LaTeX Font Info:    Overwriting symbol font `lasy' in version `bold'
(Font)                  U/lasy/m/n --> U/lasy/b/n on input line 52.
)
(/usr/local/texlive/2018/texmf-dist/tex/latex/xcolor/xcolor.sty
Package: xcolor 2016/05/11 v2.12 LaTeX color extensions (UK)

(/usr/local/texlive/2018/texmf-dist/tex/latex/graphics-cfg/color.cfg
File: color.cfg 2016/01/02 v1.6 sample color configuration
)
Package xcolor Info: Driver file: pdftex.def on input line 225.
Package xcolor Info: Model `cmy' substituted by `cmy0' on input line 1348.
Package xcolor Info: Model `hsb' substituted by `rgb' on input line 1352.
Package xcolor Info: Model `RGB' extended on input line 1364.
Package xcolor Info: Model `HTML' substituted by `rgb' on input line 1366.
Package xcolor Info: Model `Hsb' substituted by `hsb' on input line 1367.
Package xcolor Info: Model `tHsb' substituted by `hsb' on input line 1368.
Package xcolor Info: Model `HSB' substituted by `hsb' on input line 1369.
Package xcolor Info: Model `Gray' substituted by `gray' on input line 1370.
Package xcolor Info: Model `wave' substituted by `hsb' on input line 1371.
)
(/usr/local/texlive/2018/texmf-dist/tex/latex/multirow/multirow.sty
Package: multirow 2016/11/25 v2.2 Span multiple rows of a table
\multirow@colwidth=\skip92
\multirow@cntb=\count281
\multirow@dima=\skip93
\bigstrutjot=\dimen123
)
(/usr/local/texlive/2018/texmf-dist/tex/latex/booktabs/booktabs.sty
Package: booktabs 2016/04/27 v1.618033 publication quality tables
\heavyrulewidth=\dimen124
\lightrulewidth=\dimen125
\cmidrulewidth=\dimen126
\belowrulesep=\dimen127
\belowbottomsep=\dimen128
\aboverulesep=\dimen129
\abovetopsep=\dimen130
\cmidrulesep=\dimen131
\cmidrulekern=\dimen132
\defaultaddspace=\dimen133
\@cmidla=\count282
\@cmidlb=\count283
\@aboverulesep=\dimen134
\@belowrulesep=\dimen135
\@thisruleclass=\count284
\@lastruleclass=\count285
\@thisrulewidth=\dimen136
)
(/usr/local/texlive/2018/texmf-dist/tex/latex/psnfss/times.sty
Package: times 2005/04/12 PSNFSS-v9.2a (SPQR) 
)
(./deluxetable.sty
Package: deluxetable 

(/usr/local/texlive/2018/texmf-dist/tex/latex/graphics/lscape.sty
Package: lscape 2000/10/22 v3.01 Landscape Pages (DPC)
)
\pt@box=\box30
\pt@width=\dimen137
\pt@line=\count286
\pt@column=\count287
\pt@nlines=\count288
\pt@ncol=\count289
\pt@page=\count290
\pt@tmpcapwidth=\dimen138
)
(/usr/local/texlive/2018/texmf-dist/tex/latex/tools/longtable.sty
Package: longtable 2014/10/28 v4.11 Multi-page Table package (DPC)
\LTleft=\skip94
\LTright=\skip95
\LTpre=\skip96
\LTpost=\skip97
\LTchunksize=\count291
\LTcapwidth=\dimen139
\LT@head=\box31
\LT@firsthead=\box32
\LT@foot=\box33
\LT@lastfoot=\box34
\LT@cols=\count292
\LT@rows=\count293
\c@LT@tables=\count294
\c@LT@chunks=\count295
\LT@p@ftn=\toks19
)
(/usr/local/texlive/2018/texmf-dist/tex/latex/hyperref/hyperref.sty
Package: hyperref 2018/02/06 v6.86b Hypertext links for LaTeX

(/usr/local/texlive/2018/texmf-dist/tex/generic/oberdiek/hobsub-hyperref.sty
Package: hobsub-hyperref 2016/05/16 v1.14 Bundle oberdiek, subset hyperref (HO)


(/usr/local/texlive/2018/texmf-dist/tex/generic/oberdiek/hobsub-generic.sty
Package: hobsub-generic 2016/05/16 v1.14 Bundle oberdiek, subset generic (HO)
Package: hobsub 2016/05/16 v1.14 Construct package bundles (HO)
Package hobsub Info: Skipping package `infwarerr' (already loaded).
Package hobsub Info: Skipping package `ltxcmds' (already loaded).
Package hobsub Info: Skipping package `ifluatex' (already loaded).
Package hobsub Info: Skipping package `ifvtex' (already loaded).
Package: intcalc 2016/05/16 v1.2 Expandable calculations with integers (HO)
Package hobsub Info: Skipping package `ifpdf' (already loaded).
Package hobsub Info: Skipping package `etexcmds' (already loaded).
Package hobsub Info: Skipping package `kvsetkeys' (already loaded).
Package: kvdefinekeys 2016/05/16 v1.4 Define keys (HO)
Package hobsub Info: Skipping package `pdftexcmds' (already loaded).
Package: pdfescape 2016/05/16 v1.14 Implements pdfTeX's escape features (HO)
Package: bigintcalc 2016/05/16 v1.4 Expandable calculations on big integers (HO
)
Package: bitset 2016/05/16 v1.2 Handle bit-vector datatype (HO)
Package: uniquecounter 2016/05/16 v1.3 Provide unlimited unique counter (HO)
)
Package hobsub Info: Skipping package `hobsub' (already loaded).
Package: letltxmacro 2016/05/16 v1.5 Let assignment for LaTeX macros (HO)
Package: hopatch 2016/05/16 v1.3 Wrapper for package hooks (HO)
Package: xcolor-patch 2016/05/16 xcolor patch
Package: atveryend 2016/05/16 v1.9 Hooks at the very end of document (HO)
Package: atbegshi 2016/06/09 v1.18 At begin shipout hook (HO)
Package: refcount 2016/05/16 v3.5 Data extraction from label references (HO)
Package: hycolor 2016/05/16 v1.8 Color options for hyperref/bookmark (HO)
)
(/usr/local/texlive/2018/texmf-dist/tex/latex/oberdiek/auxhook.sty
Package: auxhook 2016/05/16 v1.4 Hooks for auxiliary files (HO)
)
\@linkdim=\dimen140
\Hy@linkcounter=\count296
\Hy@pagecounter=\count297

(/usr/local/texlive/2018/texmf-dist/tex/latex/hyperref/pd1enc.def
File: pd1enc.def 2018/02/06 v6.86b Hyperref: PDFDocEncoding definition (HO)
Now handling font encoding PD1 ...
... no UTF-8 mapping file for font encoding PD1
)
\Hy@SavedSpaceFactor=\count298

(/usr/local/texlive/2018/texmf-dist/tex/latex/latexconfig/hyperref.cfg
File: hyperref.cfg 2002/06/06 v1.2 hyperref configuration of TeXLive
)
Package hyperref Info: Option `colorlinks' set `true' on input line 4383.
Package hyperref Info: Hyper figures OFF on input line 4509.
Package hyperref Info: Link nesting OFF on input line 4514.
Package hyperref Info: Hyper index ON on input line 4517.
Package hyperref Info: Plain pages OFF on input line 4524.
Package hyperref Info: Backreferencing OFF on input line 4529.
Package hyperref Info: Implicit mode ON; LaTeX internals redefined.
Package hyperref Info: Bookmarks ON on input line 4762.
\c@Hy@tempcnt=\count299
LaTeX Info: Redefining \url on input line 5115.
\XeTeXLinkMargin=\dimen141
\Fld@menulength=\count300
\Field@Width=\dimen142
\Fld@charsize=\dimen143
Package hyperref Info: Hyper figures OFF on input line 6369.
Package hyperref Info: Link nesting OFF on input line 6374.
Package hyperref Info: Hyper index ON on input line 6377.
Package hyperref Info: backreferencing OFF on input line 6384.
Package hyperref Info: Link coloring ON on input line 6387.
Package hyperref Info: Link coloring with OCG OFF on input line 6394.
Package hyperref Info: PDF/A mode OFF on input line 6399.
LaTeX Info: Redefining \ref on input line 6439.
LaTeX Info: Redefining \pageref on input line 6443.
\Hy@abspage=\count301
\c@Item=\count302
\c@Hfootnote=\count303
)
Package hyperref Info: Driver (autodetected): hpdftex.

(/usr/local/texlive/2018/texmf-dist/tex/latex/hyperref/hpdftex.def
File: hpdftex.def 2018/02/06 v6.86b Hyperref driver for pdfTeX
\Fld@listcount=\count304
\c@bookmark@seq@number=\count305

(/usr/local/texlive/2018/texmf-dist/tex/latex/oberdiek/rerunfilecheck.sty
Package: rerunfilecheck 2016/05/16 v1.8 Rerun checks for auxiliary files (HO)
Package uniquecounter Info: New unique counter `rerunfilecheck' on input line 2
82.
)
\Hy@SectionHShift=\skip98
)
Package biblatex Info: Trying to load language 'english'...
Package biblatex Info: ... file 'english.lbx' found.

(/usr/local/texlive/2018/texmf-dist/tex/latex/biblatex/lbx/english.lbx
File: english.lbx 2018/03/04 v3.11 biblatex localization (PK/MW)
)
\@quotelevel=\count306
\@quotereset=\count307

(./TA_LP2.aux)
Runaway argument?
{\defcounter {refsect 
! File ended while scanning use of \@writefile.
<inserted text> 
                \par 
l.118 \begin{document}
                      
? 
\openout1 = `TA_LP2.aux'.

LaTeX Font Info:    Checking defaults for OML/cmm/m/it on input line 118.
LaTeX Font Info:    ... okay on input line 118.
LaTeX Font Info:    Checking defaults for T1/cmr/m/n on input line 118.
LaTeX Font Info:    ... okay on input line 118.
LaTeX Font Info:    Checking defaults for OT1/cmr/m/n on input line 118.
LaTeX Font Info:    ... okay on input line 118.
LaTeX Font Info:    Checking defaults for OMS/cmsy/m/n on input line 118.
LaTeX Font Info:    ... okay on input line 118.
LaTeX Font Info:    Checking defaults for OMX/cmex/m/n on input line 118.
LaTeX Font Info:    ... okay on input line 118.
LaTeX Font Info:    Checking defaults for U/cmr/m/n on input line 118.
LaTeX Font Info:    ... okay on input line 118.
LaTeX Font Info:    Checking defaults for PD1/pdf/m/n on input line 118.
LaTeX Font Info:    ... okay on input line 118.
LaTeX Font Info:    Try loading font information for OT1+ptm on input line 118.

(/usr/local/texlive/2018/texmf-dist/tex/latex/psnfss/ot1ptm.fd
File: ot1ptm.fd 2001/06/04 font definitions for OT1/ptm.
)
*geometry* driver: auto-detecting
*geometry* detected driver: pdftex
*geometry* verbose mode - [ preamble ] result:
* driver: pdftex
* paper: <default>
* layout: <same size as paper>
* layoutoffset:(h,v)=(0.0pt,0.0pt)
* modes: 
* h-part:(L,W,R)=(72.26999pt, 469.75502pt, 72.26999pt)
* v-part:(T,H,B)=(72.26999pt, 650.43001pt, 72.26999pt)
* \paperwidth=614.295pt
* \paperheight=794.96999pt
* \textwidth=469.75502pt
* \textheight=650.43001pt
* \oddsidemargin=0.0pt
* \evensidemargin=0.0pt
* \topmargin=-37.0pt
* \headheight=12.0pt
* \headsep=25.0pt
* \topskip=12.0pt
* \footskip=30.0pt
* \marginparwidth=44.0pt
* \marginparsep=10.0pt
* \columnsep=10.0pt
* \skip\footins=10.8pt plus 4.0pt minus 2.0pt
* \hoffset=0.0pt
* \voffset=0.0pt
* \mag=1000
* \@twocolumnfalse
* \@twosidefalse
* \@mparswitchfalse
* \@reversemarginfalse
* (1in=72.27pt=25.4mm, 1cm=28.453pt)

ABD: EverySelectfont initializing macros
LaTeX Info: Redefining \selectfont on input line 118.
Package biblatex Info: Input encoding 'utf8' detected.
Package biblatex Info: Automatic encoding selection.
(biblatex)             Assuming data encoding 'utf8'.
\openout4 = `TA_LP2.bcf'.

Package biblatex Info: Trying to load bibliographic data...
Package biblatex Info: ... file 'TA_LP2.bbl' not found.

No file TA_LP2.bbl.
Package biblatex Info: Reference section=0 on input line 118.
Package biblatex Info: Reference segment=0 on input line 118.
(/usr/local/texlive/2018/texmf-dist/tex/context/base/mkii/supp-pdf.mkii
[Loading MPS to PDF converter (version 2006.09.02).]
\scratchcounter=\count308
\scratchdimen=\dimen144
\scratchbox=\box35
\nofMPsegments=\count309
\nofMParguments=\count310
\everyMPshowfont=\toks20
\MPscratchCnt=\count311
\MPscratchDim=\dimen145
\MPnumerator=\count312
\makeMPintoPDFobject=\count313
\everyMPtoPDFconversion=\toks21
) (/usr/local/texlive/2018/texmf-dist/tex/latex/oberdiek/epstopdf-base.sty
Package: epstopdf-base 2016/05/15 v2.6 Base part for package epstopdf

(/usr/local/texlive/2018/texmf-dist/tex/latex/oberdiek/grfext.sty
Package: grfext 2016/05/16 v1.2 Manage graphics extensions (HO)
)
Package epstopdf-base Info: Redefining graphics rule for `.eps' on input line 4
38.
Package grfext Info: Graphics extension search list:
(grfext)             [.pdf,.png,.jpg,.mps,.jpeg,.jbig2,.jb2,.PDF,.PNG,.JPG,.JPE
G,.JBIG2,.JB2,.eps]
(grfext)             \AppendGraphicsExtensions on input line 456.

(/usr/local/texlive/2018/texmf-dist/tex/latex/latexconfig/epstopdf-sys.cfg
File: epstopdf-sys.cfg 2010/07/13 v1.3 Configuration of (r)epstopdf for TeX Liv
e
))
Package caption Info: Begin \AtBeginDocument code.
Package caption Info: hyperref package is loaded.
Package caption Info: longtable package is loaded.

(/usr/local/texlive/2018/texmf-dist/tex/latex/caption/ltcaption.sty
Package: ltcaption 2013/06/09 v1.4-94 longtable captions (AR)
)
Package caption Info: End \AtBeginDocument code.
\AtBeginShipoutBox=\box36
Package hyperref Info: Link coloring ON on input line 118.

(/usr/local/texlive/2018/texmf-dist/tex/latex/hyperref/nameref.sty
Package: nameref 2016/05/21 v2.44 Cross-referencing by name of section

(/usr/local/texlive/2018/texmf-dist/tex/generic/oberdiek/gettitlestring.sty
Package: gettitlestring 2016/05/16 v1.5 Cleanup title references (HO)
)
\c@section@level=\count314
)
LaTeX Info: Redefining \ref on input line 118.
LaTeX Info: Redefining \pageref on input line 118.
LaTeX Info: Redefining \nameref on input line 118.

(./TA_LP2.out) (./TA_LP2.out)
\@outlinefile=\write5
\openout5 = `TA_LP2.out'.

LaTeX Font Info:    Font shape `OT1/ptm/bx/n' in size <14.4> not available
(Font)              Font shape `OT1/ptm/b/n' tried instead on input line 120.
LaTeX Font Info:    Font shape `OT1/ptm/bx/n' in size <24.88> not available
(Font)              Font shape `OT1/ptm/b/n' tried instead on input line 120.
LaTeX Font Info:    External font `cmex10' loaded for size
(Font)              <24.88> on input line 120.
LaTeX Font Info:    External font `cmex10' loaded for size
(Font)              <20.74> on input line 120.
LaTeX Font Info:    External font `cmex10' loaded for size
(Font)              <17.28> on input line 120.
LaTeX Font Info:    Try loading font information for U+lasy on input line 120.

(/usr/local/texlive/2018/texmf-dist/tex/latex/base/ulasy.fd
File: ulasy.fd 1998/08/17 v2.2e LaTeX symbol font definitions
) (./abstract.tex
LaTeX Font Info:    External font `cmex10' loaded for size
(Font)              <12> on input line 1.
LaTeX Font Info:    External font `cmex10' loaded for size
(Font)              <8> on input line 1.
LaTeX Font Info:    External font `cmex10' loaded for size
(Font)              <6> on input line 1.
)
<stsci_logo.pdf, id=4, 169.63374pt x 107.40125pt>
File: stsci_logo.pdf Graphic file (type pdf)
<use stsci_logo.pdf>
Package pdftex.def Info: stsci_logo.pdf  used on input line 121.
(pdftex.def)             Requested size: 169.83493pt x 107.5337pt.
LaTeX Font Info:    Try loading font information for OMS+ptm on input line 121.


(/usr/local/texlive/2018/texmf-dist/tex/latex/psnfss/omsptm.fd
File: omsptm.fd 
)
LaTeX Font Info:    Font shape `OMS/ptm/m/n' in size <10> not available
(Font)              Font shape `OMS/cmsy/m/n' tried instead on input line 121.
 [1

{/usr/local/texlive/2018/texmf-var/fonts/map/pdftex/updmap/pdftex.map} <./stsci
_logo.pdf>]
LaTeX Font Info:    Font shape `OT1/ptm/bx/n' in size <17.28> not available
(Font)              Font shape `OT1/ptm/b/n' tried instead on input line 122.

(./TA_LP2.toc)
\tf@toc=\write6
\openout6 = `TA_LP2.toc'.

 (./TA_LP2.lof)
\tf@lof=\write7
\openout7 = `TA_LP2.lof'.

 (./TA_LP2.lot)
\tf@lot=\write8
\openout8 = `TA_LP2.lot'.

 [2

] (./introduction.tex
LaTeX Font Info:    Font shape `OMS/ptm/m/n' in size <12> not available
(Font)              Font shape `OMS/cmsy/m/n' tried instead on input line 7.
LaTeX Font Info:    Font shape `OT1/ptm/bx/n' in size <12> not available
(Font)              Font shape `OT1/ptm/b/n' tried instead on input line 9.
)
(./documentstructure.tex

LaTeX Warning: Reference `sec:conventions' on page 3 undefined on input line 2.



LaTeX Warning: Reference `sec:updated' on page 3 undefined on input line 4.


LaTeX Warning: Reference `sec:spectrum_location' on page 3 undefined on input l
ine 6.


LaTeX Warning: Reference `sec:subarrays' on page 3 undefined on input line 8.


LaTeX Warning: Reference `sec:focus' on page 3 undefined on input line 8.


LaTeX Warning: Reference `sec:visit1' on page 3 undefined on input line 12.

LaTeX Font Info:    Try loading font information for OT1+pcr on input line 13.
(/usr/local/texlive/2018/texmf-dist/tex/latex/psnfss/ot1pcr.fd
File: ot1pcr.fd 2001/06/04 font definitions for OT1/pcr.
)

LaTeX Warning: Reference `sec:visit2' on page 3 undefined on input line 14.


LaTeX Warning: Reference `sec:visit3' on page 3 undefined on input line 16.


LaTeX Warning: Reference `sec:visit4' on page 3 undefined on input line 16.


LaTeX Warning: Reference `sec:visit5' on page 3 undefined on input line 16.


LaTeX Warning: Reference `sec:new_peakxd' on page 3 undefined on input line 19.


) [3] (./requirements.tex
Underfull \hbox (badness 10000) in paragraph at lines 4--5

 []

LaTeX Font Info:    External font `cmex10' loaded for size
(Font)              <7> on input line 11.
LaTeX Font Info:    External font `cmex10' loaded for size
(Font)              <5> on input line 11.

Overfull \hbox (40.24498pt too wide) in paragraph at lines 7--12
\OT1/pcr/m/n/10 During the target acquisition process, it shall be possible to 
calibrate the location
 []


Overfull \hbox (34.24498pt too wide) in paragraph at lines 7--12
\OT1/pcr/m/n/10 of the science aperture in detector pixel coordinates in order 
to compute a maneuver
 []


Overfull \hbox (70.24498pt too wide) in paragraph at lines 7--12
\OT1/pcr/m/n/10 of HST needed to improve the centering of the target within the
 aperture. The measurement
 []


Overfull \hbox (34.24498pt too wide) in paragraph at lines 7--12
\OT1/pcr/m/n/10 shall be made using COS internal sources. The measurement calib
ration process shall
 []


Overfull \hbox (15.3561pt too wide) in paragraph at lines 7--12
\OT1/pcr/m/n/10 allow the target to be centered in the science aperture with an
 accuracy of 0.3[]. 
 []


Underfull \hbox (badness 10000) in paragraph at lines 7--12

 []


Underfull \hbox (badness 10000) in paragraph at lines 14--15

 []


Overfull \hbox (28.24498pt too wide) in paragraph at lines 17--19
\OT1/pcr/m/n/10 Wavelengths assigned to data points in the fully reduced and ca
librated COS spectra
 []


Overfull \hbox (29.32874pt too wide) in paragraph at lines 17--19
\OT1/pcr/m/n/10 shall have an accuracy equivalent to an absolute uncertainty of
 less than $\OMS/cmsy/m/n/10 ^^F$\OT1/pcr/m/n/10 15 \OT1/ptm/m/n/10 km s$[]$
 []


Underfull \hbox (badness 10000) in paragraph at lines 17--19

 []

LaTeX Font Info:    External font `cmex10' loaded for size
(Font)              <10.95> on input line 27.

LaTeX Warning: Command \r invalid in math mode on input line 28.


LaTeX Warning: Command \r invalid in math mode on input line 28.


LaTeX Warning: Command \r invalid in math mode on input line 28.


LaTeX Warning: Command \r invalid in math mode on input line 29.


LaTeX Warning: Command \r invalid in math mode on input line 29.


LaTeX Warning: Command \r invalid in math mode on input line 29.


LaTeX Warning: Command \r invalid in math mode on input line 30.


LaTeX Warning: Command \r invalid in math mode on input line 30.


LaTeX Warning: Command \r invalid in math mode on input line 30.

[4

]
Table 1 has been set to width 355.55788pt
)

LaTeX Warning: Reference `TAblindpointing' on page 5 undefined on input line 13
5.

[5

]

LaTeX Warning: Reference `sec:Summary' on page 6 undefined on input line 147.


LaTeX Warning: Reference `table:TAoptions' on page 6 undefined on input line 14
7.


LaTeX Warning: Reference `sec:FSWdescription' on page 6 undefined on input line
 147.


LaTeX Warning: Reference `sec:FSWparameters' on page 6 undefined on input line 
148.

LaTeX Font Info:    Font shape `OT1/pcr/bx/n' in size <14.4> not available
(Font)              Font shape `OT1/pcr/b/n' tried instead on input line 149.

LaTeX Warning: Reference `Patterns' on page 6 undefined on input line 165.


Overfull \hbox (14.0332pt too wide) in paragraph at lines 150--168
\OT1/ptm/m/n/12 An \OT1/pcr/m/n/12 ACQ/SEARCH \OT1/ptm/m/n/12 is fully de-fined
 by spec-i-fy-ing the three TA pa-ram-e-ters \OT1/pcr/m/n/12 SCAN-SIZE\OT1/ptm/
m/n/12 , \OT1/pcr/m/n/12 STEP-SIZE\OT1/ptm/m/n/12 ,
 []


Overfull \hbox (2.87239pt too wide) in paragraph at lines 150--168
\OT1/ptm/m/n/12 can be 2, 3, 4, or 5 (the up-per limit is set by the TA pa-ram-
e-ter \OT1/ptm/m/sc/12 pcta[]MaxScanSize\OT1/ptm/m/n/12 ). \OT1/pcr/m/n/12 STEP
-SIZE
 []


Overfull \hbox (13.56131pt too wide) in paragraph at lines 150--168
\OT1/ptm/m/n/12 can range from 0.001[] to 2.0[] (the FSW pa-ram-e-ters \OT1/ptm
/m/sc/12 pcta[]MinStepSize \OT1/ptm/m/n/12 and \OT1/ptm/m/sc/12 pcta[]MaxStepSi
ze\OT1/ptm/m/n/12 ).
 []


LaTeX Warning: Reference `PSF' on page 6 undefined on input line 173.


LaTeX Warning: Reference `Transmission' on page 6 undefined on input line 177.


LaTeX Warning: Reference `sec:TAback' on page 6 undefined on input line 184.


Underfull \hbox (badness 10000) in paragraph at lines 184--191

 []

[6

]

LaTeX Warning: Reference `sec:TAback' on page 7 undefined on input line 192.

[7]

LaTeX Warning: Command \r invalid in math mode on input line 208.


LaTeX Warning: Command \r invalid in math mode on input line 211.


LaTeX Warning: Command \r invalid in math mode on input line 211.


LaTeX Warning: Reference `table:TAcaltargetoffset' on page 8 undefined on input
 line 218.


LaTeX Warning: Reference `sec:LTAIMCAL' on page 8 undefined on input line 219.

<png/ordersorter.png, id=75, 762.2076pt x 286.1892pt>
File: png/ordersorter.png Graphic file (type png)
<use png/ordersorter.png>
Package pdftex.def Info: png/ordersorter.png  used on input line 222.
(pdftex.def)             Requested size: 762.20573pt x 286.18848pt.

LaTeX Warning: Float too large for page by 616.0868pt on input line 224.


LaTeX Warning: Reference `table:TAscalar' on page 8 undefined on input line 228
.


LaTeX Warning: Reference `sec:LTAIMAGE' on page 8 undefined on input line 232.


Overfull \hbox (41.77342pt too wide) in paragraph at lines 226--233
\OT1/ptm/m/n/12 the FSW con-stants \OT1/ptm/m/sc/12 pcta[]NUVMilliArcsecsPerPix
elX \OT1/ptm/m/n/12 and \OT1/ptm/m/sc/12 pcta[]NUVMilliArcsecsPerPixelY
 []


LaTeX Warning: Reference `sec:IMAGEcentering' on page 8 undefined on input line
 236.

LaTeX Font Info:    Font shape `OT1/ptm/bx/n' in size <10> not available
(Font)              Font shape `OT1/ptm/b/n' tried instead on input line 264.

LaTeX Warning: Reference `LTAIMCALpos' on page 8 undefined on input line 264.

Table 2 has been set to width 316.64653pt

LaTeX Warning: Reference `sec:TAback' on page 8 undefined on input line 271.


LaTeX Warning: Reference `LTAIMCALrates' on page 8 undefined on input line 274.


[8

]
Package epstopdf Info: Source file: <eps/wca_positions_nota_ALL.eps>
(epstopdf)                    date: 2018-05-05 22:04:20
(epstopdf)                    size: 478264 bytes
(epstopdf)             Output file: <eps/wca_positions_nota_ALL-eps-converted-t
o.pdf>
(epstopdf)                    date: 2018-05-26 21:32:14
(epstopdf)                    size: 141546 bytes
(epstopdf)             Command: <epstopdf --outfile=eps/wca_positions_nota_ALL-
eps-converted-to.pdf eps/wca_positions_nota_ALL.eps>
(epstopdf)             \includegraphics on input line 287.
Package epstopdf Info: Output file is already uptodate.
<eps/wca_positions_nota_ALL-eps-converted-to.pdf, id=83, 505.89pt x 668.4975pt>

File: eps/wca_positions_nota_ALL-eps-converted-to.pdf Graphic file (type pdf)
<use eps/wca_positions_nota_ALL-eps-converted-to.pdf>
Package pdftex.def Info: eps/wca_positions_nota_ALL-eps-converted-to.pdf  used 
on input line 287.
(pdftex.def)             Requested size: 505.88875pt x 668.49586pt.
LaTeX Font Info:    Font shape `OMS/ptm/m/n' in size <10.95> not available
(Font)              Font shape `OMS/cmsy/m/n' tried instead on input line 292.
LaTeX Font Info:    Font shape `OT1/ptm/bx/n' in size <10.95> not available
(Font)              Font shape `OT1/ptm/b/n' tried instead on input line 292.


LaTeX Warning: Reference `sec:TAback' on page 9 undefined on input line 292.


LaTeX Warning: Reference `table:TAnuvIMAGEupdate' on page 9 undefined on input 
line 292.

<png/WCA_countrates.png, id=84, 668.4975pt x 505.89pt>
File: png/WCA_countrates.png Graphic file (type png)
<use png/WCA_countrates.png>
Package pdftex.def Info: png/WCA_countrates.png  used on input line 297.
(pdftex.def)             Requested size: 668.49586pt x 505.88875pt.

LaTeX Warning: Float too large for page by 86.09952pt on input line 306.


LaTeX Warning: Reference `table:TAnuvPEAKXDxc' on page 9 undefined on input lin
e 315.


LaTeX Warning: Reference `table:TAsubWCAfuv' on page 9 undefined on input line 
315.


LaTeX Warning: Reference `table:TAcaltargetoffset' on page 9 undefined on input
 line 320.


Overfull \hbox (133.20357pt too wide) in paragraph at lines 317--321
\OT1/ptm/m/sc/12 pcta[]UseMedian4CAL4NUV=TRUE\OT1/ptm/m/n/12 ), the ex-pected l
o-ca-tion of the me-dian (\OT1/ptm/m/sc/12 pcta[]UseMedian4PKXD4NUV=TRUE\OT1/pt
m/m/n/12 )
 []


LaTeX Warning: Reference `table:TAnuvPS' on page 9 undefined on input line 332.



LaTeX Warning: Reference `table:TAscalar' on page 9 undefined on input line 336
.


Overfull \hbox (15.77043pt too wide) in paragraph at lines 322--337
\OT1/ptm/m/n/12 ram-e-ter is used for the XD plate scale for all grat-ings (\OT
1/ptm/m/sc/12 pcta[]NUVMilliArcsecsPerPixelXDisp\OT1/ptm/m/n/12 ).
 []


Overfull \hbox (74.90717pt too wide) in paragraph at lines 322--337
\OT1/ptm/m/n/12 much larger and each grat-ing uses its own grat-ing spe-cific v
alue of (\OT1/ptm/m/sc/12 pcta[]FUVMilliArcsecsPerPixelXDisp\OT1/ptm/m/n/12 )
 []

[9]

LaTeX Warning: Reference `table:TAnuvPS' on page 10 undefined on input line 340
.


LaTeX Warning: Reference `table:TAnuvPS' on page 10 undefined on input line 343
.

[10] [11 <./png/ordersorter.png>] [12 <./eps/wca_positions_nota_ALL-eps-convert
ed-to.pdf>] [13 <./png/WCA_countrates.png>]

LaTeX Warning: Reference `table:TAscalar' on page 14 undefined on input line 35
6.


Overfull \hbox (15.05232pt too wide) in paragraph at lines 350--363
\OT1/ptm/m/n/12 tions (\OT1/ptm/m/sc/12 pcta[]UseMedian4CAL4FUV=FALSE\OT1/ptm/m
/n/12 , and \OT1/ptm/m/sc/12 pcta[]UseMedian4PKXD4FUV=FALSE\OT1/ptm/m/n/12 ).
 []


LaTeX Warning: Reference `table:TAnuvPEAKXDxc' on page 14 undefined on input li
ne 365.


LaTeX Warning: Reference `sec:TAsubs' on page 14 undefined on input line 369.


LaTeX Warning: Reference `table:GEO' on page 14 undefined on input line 370.


LaTeX Warning: Reference `table:GEO' on page 14 undefined on input line 371.


LaTeX Warning: Reference `table:XDonorbit' on page 14 undefined on input line 3
92.

[14

]

LaTeX Warning: Reference `table:XDonorbitACCNUV' on page 15 undefined on input 
line 401.


LaTeX Warning: Reference `table:XDonorbitACCFUV' on page 15 undefined on input 
line 401.

Table 3 has been set to width 344.66862pt
Table 4 has been set to width 412.2817pt

LaTeX Warning: Reference `table:XDonorbitACCFUV' on page 15 undefined on input 
line 538.


LaTeX Warning: Reference `TAsmovPEAKD' on page 15 undefined on input line 543.

! Undefined control sequence.
l.545 ...ntering errors by an average of \avgPEAKD
                                                  .
? 

LaTeX Warning: Reference `table:ADonorbit' on page 15 undefined on input line 5
46.

! Undefined control sequence.
l.551 ...D} AD centerings averaged \avgPEAKDpsaNUV
                                                  \ and for the FUV, the ave...

? 
! Undefined control sequence.
l.551 ... average AD centering was \avgPEAKDpsaFUV
                                                  .
? 

Overfull \hbox (41.15837pt too wide) in paragraph at lines 543--557
[]\OT1/ptm/m/n/12 In all cases, the \OT1/pcr/m/n/12 ACQ/PEAKD\OT1/ptm/m/n/12 s 
in Fig-ure [] fol-lowed spec-tro-scopic \OT1/pcr/m/n/12 ACQ/SEARCH \OT1/ptm/m/n
/12 and \OT1/pcr/m/n/12 ACQ/PEAKXD\OT1/ptm/m/n/12 s.
 []


Underfull \hbox (badness 4441) in paragraph at lines 606--606
[] \OT1/ptm/m/n/8 Note. --- Only \OT1/pcr/m/n/8 ACQ/PEAKD\OT1/ptm/m/n/8 s with 
\OT1/pcr/m/n/8 SCAN-SIZE\OT1/ptm/m/n/8 =5 and not \OT1/pcr/m/n/8 CENTER=RTB\OT1
/ptm/m/n/8 , or
 []

Table 5 has been set to width 305.51845pt

LaTeX Warning: Reference `TAsmovPEAKD' on page 15 undefined on input line 609.


LaTeX Warning: Reference `TAsmovPEAKDmerged' on page 15 undefined on input line
 615.

[15] [16] [17]

LaTeX Warning: Reference `table:ADonorbit' on page 18 undefined on input line 6
20.

! Undefined control sequence.
l.620 ...ble:ADonorbit} (1$\sigma=$\avgPEAKDonesig
                                                  ).
? 

LaTeX Warning: Reference `TAsmovPEAKDperf' on page 18 undefined on input line 6
22.

[18]

LaTeX Warning: Reference `FUVdarkcps' on page 19 undefined on input line 638.


Underfull \hbox (badness 10000) in paragraph at lines 638--644

 []

[19

] [20

]
Table 6 has been set to width 434.66219pt

Overfull \hbox (8.6213pt too wide) in paragraph at lines 691--692
\OT1/ptm/m/n/12 al-ways fol-low up the first \OT1/pcr/m/n/12 ACQ/SEARCH \OT1/pt
m/m/n/12 with an \OT1/pcr/m/n/12 ACQ/IMAGE\OT1/ptm/m/n/12 , \OT1/pcr/m/n/12 ACQ
/PEAKXD\OT1/ptm/m/n/12 +\OT1/pcr/m/n/12 ACQ/PEAKD\OT1/ptm/m/n/12 ,
 []


LaTeX Warning: Reference `table:ssgoal' on page 21 undefined on input line 693.



Overfull \hbox (22.03636pt too wide) in paragraph at lines 698--701
\OT1/ptm/m/n/12 and \OT1/pcr/m/n/12 CENTER\OT1/ptm/m/n/12 =FWF. Where min-i-mal
 TA time is re-quired, use \OT1/pcr/m/n/12 SCAN-SIZE\OT1/ptm/m/n/12 =3, \OT1/pc
r/m/n/12 STEP-SIZE\OT1/ptm/m/n/12 =1.3,
 []

[21

]

LaTeX Warning: Reference `item:LTAIMCAL' on page 22 undefined on input line 711
.


Overfull \hbox (5.21246pt too wide) in paragraph at lines 710--713
[]\OT1/ptm/m/n/12 The num-ber of counts in the pri-mary spot from the wave-leng
th cal-i-bra-tion lamp in \OT1/pcr/m/n/12 LTAIMCAL
 []

[22]
! Argument of \thisISR has an extra }.
<inserted text> 
                \par 
l.716 \section{Change History for \thisISR}
                                           
? 
Runaway argument?
! Paragraph ended before \thisISR was complete.
<to be read again> 
                   \par 
l.716 \section{Change History for \thisISR}
                                           
? 
! Argument of \thisISR has an extra }.
<inserted text> 
                \par 
l.716 \section{Change History for \thisISR}
                                           
? 
Runaway argument?
! Paragraph ended before \thisISR was complete.
<to be read again> 
                   \par 
l.716 \section{Change History for \thisISR}
                                           
? 
Runaway argument?
History for 
! Paragraph ended before \HyPsd@@ProtectSpacesFi was complete.
<to be read again> 
                   \par 
l.716 \section{Change History for \thisISR}
                                           
? 
! Use of \HyPsd@RemoveMask doesn't match its definition.
\Hy@tempa ->\par 
                 | 
l.716 \section{Change History for \thisISR}
                                           
? 
! Undefined control sequence.
\HyPsd@ProtectSpaces ...d@RemoveMask #1\HyPsd@End 
                                                  #1
l.716 \section{Change History for \thisISR}
                                           
? 
Runaway argument?
{
! Paragraph ended before \HyPsd@RemoveBraces was complete.
<to be read again> 
                   \par 
l.716 \section{Change History for \thisISR}
                                           
? 
! Extra }, or forgotten \endgroup.
\pdfstringdef ...d@RemoveBraces \expandafter {#1|}
                                                  \global \let #1\HyPsd@Stri...
l.716 \section{Change History for \thisISR}
                                           
? 
! Argument of \HyPsd@CheckCatcodes has an extra }.
<inserted text> 
                \par 
l.716 \section{Change History for \thisISR}
                                           
? 
Runaway argument?
\global \let \Hy@tempa \HyPsd@String 
! Paragraph ended before \HyPsd@CheckCatcodes was complete.
<to be read again> 
                   \par 
l.716 \section{Change History for \thisISR}
                                           
? 
Runaway argument?
\@empty \HyPsd@End \Hy@tempa \expandafter \HyPsd@Subst \expandafter {\ETC.
! Paragraph ended before \HyPsd@RemoveMask was complete.
<to be read again> 
                   \par 
l.741 
      
? 
! Use of \begin doesn't match its definition.
l.745 \begin{
             deluxetable}{|l|r|r|r|l|}
? 
! Extra }, or forgotten \endgroup.
l.745 \begin{deluxetable}
                         {|l|r|r|r|l|}
? 

! Package caption Error: \caption outside float.

See the caption package documentation for explanation.
Type  H <return>  for immediate help.
 ...                                              
                                                  
l.752 \startdata
                
? 
! Undefined control sequence.
\start@pt@tabular ...lar \expandafter {\pt@format 
                                                  }
l.752 \startdata
                
? 
! Missing { inserted.
<to be read again> 
                   #
l.752 \startdata
                
? 
! Misplaced \noalign.
\hline ->\noalign 
                  {\ifnum 0=`}\fi \hrule \@height \arrayrulewidth \futurelet...
l.752 \startdata
                
? 
! Missing $ inserted.
<inserted text> 
                $
l.752 \startdata
                
? 
! Missing } inserted.
<inserted text> 
                }
l.752 \startdata
                
? 
! You can't use `\hrule' here except with leaders.
<recently read> \hrule 
                       
l.752 \startdata
                
? 
! Missing number, treated as zero.
<to be read again> 
                   \futurelet 
l.752 \startdata
                
? 
! Illegal unit of measure (pt inserted).
<to be read again> 
                   \futurelet 
l.752 \startdata
                
? 
! Missing } inserted.
<inserted text> 
                }
l.752 \startdata
                
? 

! LaTeX Error: Something's wrong--perhaps a missing \item.

See the LaTeX manual or LaTeX Companion for explanation.
Type  H <return>  for immediate help.
 ...                                              
                                                  
l.752 \startdata
                
? 
! Extra }, or forgotten \endgroup.
<recently read> }
                 
l.752 \startdata
                
? 
! Misplaced \noalign.
\hline ->\noalign 
                  {\ifnum 0=`}\fi \hrule \@height \arrayrulewidth \futurelet...
l.752 \startdata
                
? 

! LaTeX Error: There's no line here to end.

See the LaTeX manual or LaTeX Companion for explanation.
Type  H <return>  for immediate help.
 ...                                              
                                                  
l.752 \startdata
                
? 

! LaTeX Error: Something's wrong--perhaps a missing \item.

See the LaTeX manual or LaTeX Companion for explanation.
Type  H <return>  for immediate help.
 ...                                              
                                                  
l.752 \startdata
                
? 
! Misplaced \omit.
\multispan ->\omit 
                   \@multispan 
l.752 \startdata
                
? 
! Undefined control sequence.
<argument> ...nextchar \ifcase \@chclass \@classz 
                                                  \or \@classi \or \@classii...
l.752 \startdata
                
? 
! Undefined control sequence.
\@mkpream ...hclass }\ifcase \@lastchclass \@acol 
                                                  \or \or \@preamerr \@ne \o...
l.752 \startdata
                
? 
! Misplaced alignment tab character &.
<recently read> &
                 
l.752 \startdata
                
? 
! Misplaced \omit.
\multispan ->\omit 
                   \@multispan 
l.752 \startdata
                
? 
! Undefined control sequence.
<argument> ...nextchar \ifcase \@chclass \@classz 
                                                  \or \@classi \or \@classii...
l.752 \startdata
                
? 
! Undefined control sequence.
\@mkpream ...hclass }\ifcase \@lastchclass \@acol 
                                                  \or \or \@preamerr \@ne \o...
l.752 \startdata
                
? 
! Misplaced alignment tab character &.
<recently read> &
                 
l.752 \startdata
                
? 
! Misplaced \omit.
\multispan ->\omit 
                   \@multispan 
l.752 \startdata
                
? 
! Undefined control sequence.
<argument> ...nextchar \ifcase \@chclass \@classz 
                                                  \or \@classi \or \@classii...
l.752 \startdata
                
? 
! Undefined control sequence.
\@mkpream ...hclass }\ifcase \@lastchclass \@acol 
                                                  \or \or \@preamerr \@ne \o...
l.752 \startdata
                
? 
! Misplaced alignment tab character &.
<recently read> &
                 
l.752 \startdata
                
? 
! Misplaced \omit.
\multispan ->\omit 
                   \@multispan 
l.752 \startdata
                
? 
! Undefined control sequence.
<argument> ...nextchar \ifcase \@chclass \@classz 
                                                  \or \@classi \or \@classii...
l.752 \startdata
                
? 
! Undefined control sequence.
\@mkpream ...hclass }\ifcase \@lastchclass \@acol 
                                                  \or \or \@preamerr \@ne \o...
l.752 \startdata
                
? 
! Misplaced alignment tab character &.
<recently read> &
                 
l.752 \startdata
                
? 
! Misplaced \omit.
\multispan ->\omit 
                   \@multispan 
l.752 \startdata
                
? 
! Undefined control sequence.
<argument> ...nextchar \ifcase \@chclass \@classz 
                                                  \or \@classi \or \@classii...
l.752 \startdata
                
? 
! Undefined control sequence.
\@mkpream ...hclass }\ifcase \@lastchclass \@acol 
                                                  \or \or \@preamerr \@ne \o...
l.752 \startdata
                
? 

! LaTeX Error: Something's wrong--perhaps a missing \item.

See the LaTeX manual or LaTeX Companion for explanation.
Type  H <return>  for immediate help.
 ...                                              
                                                  
l.752 \startdata
                
? 
! Misplaced \noalign.
\hline ->\noalign 
                  {\ifnum 0=`}\fi \hrule \@height \arrayrulewidth \futurelet...
l.752 \startdata
                
? 

! LaTeX Error: Something's wrong--perhaps a missing \item.

See the LaTeX manual or LaTeX Companion for explanation.
Type  H <return>  for immediate help.
 ...                                              
                                                  
l.752 \startdata
                
? 

! LaTeX Error: There's no line here to end.

See the LaTeX manual or LaTeX Companion for explanation.
Type  H <return>  for immediate help.
 ...                                              
                                                  
l.752 \startdata
                
? 

! LaTeX Error: Something's wrong--perhaps a missing \item.

See the LaTeX manual or LaTeX Companion for explanation.
Type  H <return>  for immediate help.
 ...                                              
                                                  
l.752 \startdata
                
? 
! Misplaced alignment tab character &.
l.753 OSM1\_G130M &
                    FUV & -833 & -833& TVAC 2006 \\
? 
! Misplaced alignment tab character &.
l.753 OSM1\_G130M & FUV &
                          -833 & -833& TVAC 2006 \\
? 
! Misplaced alignment tab character &.
l.753 OSM1\_G130M & FUV & -833 &
                                 -833& TVAC 2006 \\
? 
! Misplaced alignment tab character &.
l.753 OSM1\_G130M & FUV & -833 & -833&
                                       TVAC 2006 \\
? 

! LaTeX Error: Something's wrong--perhaps a missing \item.

See the LaTeX manual or LaTeX Companion for explanation.
Type  H <return>  for immediate help.
 ...                                              
                                                  
l.753 ...\_G130M & FUV & -833 & -833& TVAC 2006 \\
                                                  
? 
! Misplaced alignment tab character &.
l.754 			&
          		& -822 &  & SMOV--SMS194 (PR\#63036)\\
? 
! Misplaced alignment tab character &.
l.754 			&		&
              -822 &  & SMOV--SMS194 (PR\#63036)\\
? 
! Misplaced alignment tab character &.
l.754 			&		& -822 &
                      & SMOV--SMS194 (PR\#63036)\\
? 
! Misplaced alignment tab character &.
l.754 			&		& -822 &  &
                        SMOV--SMS194 (PR\#63036)\\
? 

! LaTeX Error: Something's wrong--perhaps a missing \item.

See the LaTeX manual or LaTeX Companion for explanation.
Type  H <return>  for immediate help.
 ...                                              
                                                  
l.754 			&		& -822 &  & SMOV--SMS194 (PR\#63036)\\
                                                  
? 
! Misplaced alignment tab character &.
l.755 			&
          		& -878 & -860& SMOV--SMS201 (PR\#63095)\\
? 
! Misplaced alignment tab character &.
l.755 			&		&
              -878 & -860& SMOV--SMS201 (PR\#63095)\\
? 
! Misplaced alignment tab character &.
l.755 			&		& -878 &
                     -860& SMOV--SMS201 (PR\#63095)\\
? 
! Misplaced alignment tab character &.
l.755 			&		& -878 & -860&
                           SMOV--SMS201 (PR\#63095)\\
? 

! LaTeX Error: Something's wrong--perhaps a missing \item.

See the LaTeX manual or LaTeX Companion for explanation.
Type  H <return>  for immediate help.
 ...                                              
                                                  
l.755 ...& -878 & -860& SMOV--SMS201 (PR\#63095)\\
                                                  
? 
! Misplaced alignment tab character &.
l.756 OSM1\_G140L &
                    FUV & -833 & -833& TVAC 2006 \\
? 
! Misplaced alignment tab character &.
l.756 OSM1\_G140L & FUV &
                          -833 & -833& TVAC 2006 \\
? 
! Misplaced alignment tab character &.
l.756 OSM1\_G140L & FUV & -833 &
                                 -833& TVAC 2006 \\
? 
! Misplaced alignment tab character &.
l.756 OSM1\_G140L & FUV & -833 & -833&
                                       TVAC 2006 \\
? 

! LaTeX Error: Something's wrong--perhaps a missing \item.

See the LaTeX manual or LaTeX Companion for explanation.
Type  H <return>  for immediate help.
 ...                                              
                                                  
l.756 ...\_G140L & FUV & -833 & -833& TVAC 2006 \\
                                                  
? 
! Misplaced alignment tab character &.
l.757 			&
          		& -850 & -832& SMOV--SMS194\\
? 
! Misplaced alignment tab character &.
l.757 			&		&
              -850 & -832& SMOV--SMS194\\
? 
! Misplaced alignment tab character &.
l.757 			&		& -850 &
                     -832& SMOV--SMS194\\
? 
! Misplaced alignment tab character &.
l.757 			&		& -850 & -832&
                           SMOV--SMS194\\
? 

! LaTeX Error: Something's wrong--perhaps a missing \item.

See the LaTeX manual or LaTeX Companion for explanation.
Type  H <return>  for immediate help.
 ...                                              
                                                  
l.757 			&		& -850 & -832& SMOV--SMS194\\
                                         
? 
! Misplaced alignment tab character &.
l.758 			&
          		& -864 & -846& SMOV--SMS201 (PR\#63095)\\
? 
! Misplaced alignment tab character &.
l.758 			&		&
              -864 & -846& SMOV--SMS201 (PR\#63095)\\
? 
! Misplaced alignment tab character &.
l.758 			&		& -864 &
                     -846& SMOV--SMS201 (PR\#63095)\\
? 
! Misplaced alignment tab character &.
l.758 			&		& -864 & -846&
                           SMOV--SMS201 (PR\#63095)\\
? 

! LaTeX Error: Something's wrong--perhaps a missing \item.

See the LaTeX manual or LaTeX Companion for explanation.
Type  H <return>  for immediate help.
 ...                                              
                                                  
l.758 ...& -864 & -846& SMOV--SMS201 (PR\#63095)\\
                                                  
? 
! Misplaced alignment tab character &.
l.759 OSM1\_G160M &
                    FUV & -833 & -833& TVAC 2006 \\
? 
! Misplaced alignment tab character &.
l.759 OSM1\_G160M & FUV &
                          -833 & -833& TVAC 2006 \\
? 
! Misplaced alignment tab character &.
l.759 OSM1\_G160M & FUV & -833 &
                                 -833& TVAC 2006 \\
? 
! Misplaced alignment tab character &.
l.759 OSM1\_G160M & FUV & -833 & -833&
                                       TVAC 2006 \\
? 

! LaTeX Error: Something's wrong--perhaps a missing \item.

See the LaTeX manual or LaTeX Companion for explanation.
Type  H <return>  for immediate help.
 ...                                              
                                                  
l.759 ...\_G160M & FUV & -833 & -833& TVAC 2006 \\
                                                  
? X
 
Here is how much of TeX's memory you used:
 14489 strings out of 492647
 241491 string characters out of 6129579
 731229 words of memory out of 5000000
 18079 multiletter control sequences out of 15000+600000
 39363 words of font info for 94 fonts, out of 8000000 for 9000
 1141 hyphenation exceptions out of 8191
 43i,15n,45p,817b,742s stack positions out of 5000i,500n,10000p,200000b,80000s
pdfTeX warning (dest): name{equation.2.2} has been referenced but does not exis
t, replaced by a fixed one

{/usr/local/texlive/2018/texmf-dist/fonts/enc/dvips/base/8r.enc}</usr/local/tex
live/2018/texmf-dist/fonts/type1/public/amsfonts/cm/cmbx12.pfb></usr/local/texl
ive/2018/texmf-dist/fonts/type1/public/amsfonts/cm/cmex10.pfb></usr/local/texli
ve/2018/texmf-dist/fonts/type1/public/amsfonts/cm/cmmi10.pfb></usr/local/texliv
e/2018/texmf-dist/fonts/type1/public/amsfonts/cm/cmmi12.pfb></usr/local/texlive
/2018/texmf-dist/fonts/type1/public/amsfonts/cm/cmmi6.pfb></usr/local/texlive/2
018/texmf-dist/fonts/type1/public/amsfonts/cm/cmmi7.pfb></usr/local/texlive/201
8/texmf-dist/fonts/type1/public/amsfonts/cm/cmmi8.pfb></usr/local/texlive/2018/
texmf-dist/fonts/type1/public/amsfonts/cm/cmr10.pfb></usr/local/texlive/2018/te
xmf-dist/fonts/type1/public/amsfonts/cm/cmr12.pfb></usr/local/texlive/2018/texm
f-dist/fonts/type1/public/amsfonts/cm/cmr6.pfb></usr/local/texlive/2018/texmf-d
ist/fonts/type1/public/amsfonts/cm/cmr7.pfb></usr/local/texlive/2018/texmf-dist
/fonts/type1/public/amsfonts/cm/cmr8.pfb></usr/local/texlive/2018/texmf-dist/fo
nts/type1/public/amsfonts/cm/cmsy10.pfb></usr/local/texlive/2018/texmf-dist/fon
ts/type1/public/amsfonts/cm/cmsy6.pfb></usr/local/texlive/2018/texmf-dist/fonts
/type1/public/amsfonts/cm/cmsy7.pfb></usr/local/texlive/2018/texmf-dist/fonts/t
ype1/public/amsfonts/cm/cmsy8.pfb></usr/local/texlive/2018/texmf-dist/fonts/typ
e1/urw/courier/ucrb8a.pfb></usr/local/texlive/2018/texmf-dist/fonts/type1/urw/c
ourier/ucrr8a.pfb></usr/local/texlive/2018/texmf-dist/fonts/type1/urw/times/utm
b8a.pfb></usr/local/texlive/2018/texmf-dist/fonts/type1/urw/times/utmr8a.pfb></
usr/local/texlive/2018/texmf-dist/fonts/type1/urw/times/utmri8a.pfb>
Output written on TA_LP2.pdf (22 pages, 1922406 bytes).
PDF statistics:
 267 PDF objects out of 1000 (max. 8388607)
 213 compressed objects within 3 object streams
 64 named destinations out of 1000 (max. 500000)
 21 words of extra memory for PDF output out of 10000 (max. 10000000)

